<?xml version="1.0" encoding="UTF-8"?>
<!-- Generated by org.testng.reporters.JUnitXMLReporter -->
<testsuite ignored="4" hostname="DESKTOP-Q1N95RN" failures="0" tests="5" name="Test" time="82.46" errors="0" timestamp="2022-05-19T19:17:02 IST">
  <testcase classname="MyinfoTestCases.TC_Myinfo_001" name="verifyUser" time="6.696"/>
  <testcase classname="MyinfoTestCases.TC_Myinfo_002" name="verifyUser" time="7.437"/>
  <testcase classname="MyinfoTestCases.TC_Myinfo_002" name="verifyUser" time="6.307"/>
  <testcase classname="MyinfoTestCases.TC_Myinfo_002" name="verifyUser" time="9.614"/>
  <testcase classname="MyinfoTestCases.TC_Myinfo_006" name="VerifyESSUserCanEditFields" time="12.533"/>
  <testcase classname="MyinfoPageObjects.Base" name="@AfterTest blushReport" time="0.0">
    <ignored/>
  </testcase> <!-- @AfterTest blushReport -->
  <testcase classname="MyinfoPageObjects.Base" name="@AfterTest blushReport" time="0.0">
    <ignored/>
  </testcase> <!-- @AfterTest blushReport -->
  <testcase classname="MyinfoPageObjects.Base" name="@BeforeSuite setupExtentReports" time="0.0">
    <ignored/>
  </testcase> <!-- @BeforeSuite setupExtentReports -->
  <testcase classname="MyinfoPageObjects.Base" name="@BeforeSuite setupExtentReports" time="0.0">
    <ignored/>
  </testcase> <!-- @BeforeSuite setupExtentReports -->
</testsuite> <!-- Test -->
