<?xml version="1.0" encoding="UTF-8"?>
<!-- Generated by org.testng.reporters.JUnitXMLReporter -->
<testsuite hostname="DESKTOP-M6CC2QN" ignored="4" name="Test" tests="5" failures="0" timestamp="2020-10-18T16:24:12 IST" time="105.055" errors="0">
  <testcase name="verifyUser" time="5.675" classname="MyinfoTestCases.TC_Myinfo_001"/>
  <testcase name="verifyUser" time="7.751" classname="MyinfoTestCases.TC_Myinfo_002"/>
  <testcase name="verifyUser" time="7.248" classname="MyinfoTestCases.TC_Myinfo_002"/>
  <testcase name="verifyUser" time="7.354" classname="MyinfoTestCases.TC_Myinfo_002"/>
  <testcase name="VerifyESSUserCanEditFields" time="13.096" classname="MyinfoTestCases.TC_Myinfo_006"/>
  <testcase name="@AfterTest blushReport" time="0.0" classname="MyinfoPageObjects.Base">
    <ignored/>
  </testcase> <!-- @AfterTest blushReport -->
  <testcase name="@AfterTest blushReport" time="0.0" classname="MyinfoPageObjects.Base">
    <ignored/>
  </testcase> <!-- @AfterTest blushReport -->
  <testcase name="@BeforeSuite setupExtentReports" time="0.0" classname="MyinfoPageObjects.Base">
    <ignored/>
  </testcase> <!-- @BeforeSuite setupExtentReports -->
  <testcase name="@BeforeSuite setupExtentReports" time="0.0" classname="MyinfoPageObjects.Base">
    <ignored/>
  </testcase> <!-- @BeforeSuite setupExtentReports -->
</testsuite> <!-- Test -->
