<?xml version="1.0" encoding="UTF-8"?>
<testng-results ignored="4" total="9" passed="5" failed="0" skipped="0">
  <reporter-output>
  </reporter-output>
  <suite started-at="2022-05-19T19:15:39 IST" name="Suite" finished-at="2022-05-19T19:17:02 IST" duration-ms="82460">
    <groups>
    </groups>
    <test started-at="2022-05-19T19:15:39 IST" name="Test" finished-at="2022-05-19T19:17:02 IST" duration-ms="82460">
      <class name="MyinfoTestCases.TC_Myinfo_002">
        <test-method is-config="true" signature="browser()[pri:0, instance:MyinfoTestCases.TC_Myinfo_002@29647f75]" started-at="2022-05-19T19:15:58 IST" name="browser" finished-at="2022-05-19T19:16:04 IST" duration-ms="6228" status="PASS">
          <reporter-output>
          </reporter-output>
        </test-method> <!-- browser -->
        <test-method signature="verifyUser(java.lang.String, java.lang.String)[pri:0, instance:MyinfoTestCases.TC_Myinfo_002@29647f75]" started-at="2022-05-19T19:16:04 IST" name="verifyUser" data-provider="getData" finished-at="2022-05-19T19:16:12 IST" duration-ms="7437" status="PASS">
          <params>
            <param index="0">
              <value>
                <![CDATA[Adminadmin]]>
              </value>
            </param>
            <param index="1">
              <value>
                <![CDATA[admin123]]>
              </value>
            </param>
          </params>
          <reporter-output>
          </reporter-output>
        </test-method> <!-- verifyUser -->
        <test-method is-config="true" signature="browser()[pri:0, instance:MyinfoTestCases.TC_Myinfo_002@29647f75]" started-at="2022-05-19T19:16:12 IST" name="browser" finished-at="2022-05-19T19:16:18 IST" duration-ms="6280" status="PASS">
          <reporter-output>
          </reporter-output>
        </test-method> <!-- browser -->
        <test-method signature="verifyUser(java.lang.String, java.lang.String)[pri:0, instance:MyinfoTestCases.TC_Myinfo_002@29647f75]" started-at="2022-05-19T19:16:18 IST" name="verifyUser" data-provider="getData" finished-at="2022-05-19T19:16:24 IST" duration-ms="6307" status="PASS">
          <params>
            <param index="0">
              <value>
                <![CDATA[Admin123]]>
              </value>
            </param>
            <param index="1">
              <value>
                <![CDATA[admin123]]>
              </value>
            </param>
          </params>
          <reporter-output>
          </reporter-output>
        </test-method> <!-- verifyUser -->
        <test-method is-config="true" signature="browser()[pri:0, instance:MyinfoTestCases.TC_Myinfo_002@29647f75]" started-at="2022-05-19T19:16:24 IST" name="browser" finished-at="2022-05-19T19:16:31 IST" duration-ms="6635" status="PASS">
          <reporter-output>
          </reporter-output>
        </test-method> <!-- browser -->
        <test-method signature="verifyUser(java.lang.String, java.lang.String)[pri:0, instance:MyinfoTestCases.TC_Myinfo_002@29647f75]" started-at="2022-05-19T19:16:31 IST" name="verifyUser" data-provider="getData" finished-at="2022-05-19T19:16:40 IST" duration-ms="9614" status="PASS">
          <params>
            <param index="0">
              <value>
                <![CDATA[Adminadmin]]>
              </value>
            </param>
            <param index="1">
              <value>
                <![CDATA[admin12345]]>
              </value>
            </param>
          </params>
          <reporter-output>
          </reporter-output>
        </test-method> <!-- verifyUser -->
        <test-method is-config="true" signature="teatDown()[pri:0, instance:MyinfoTestCases.TC_Myinfo_002@29647f75]" started-at="2022-05-19T19:17:00 IST" name="teatDown" finished-at="2022-05-19T19:17:00 IST" depends-on-methods="MyinfoTestCases.TC_Myinfo_001.tearDown" duration-ms="208" status="PASS">
          <reporter-output>
          </reporter-output>
        </test-method> <!-- teatDown -->
      </class> <!-- MyinfoTestCases.TC_Myinfo_002 -->
      <class name="MyinfoTestCases.TC_Myinfo_001">
        <test-method is-config="true" signature="setupExtentReports()[pri:0, instance:MyinfoTestCases.TC_Myinfo_001@355ce81c]" started-at="2022-05-19T19:15:39 IST" name="setupExtentReports" finished-at="2022-05-19T19:15:39 IST" duration-ms="112" status="PASS">
          <reporter-output>
          </reporter-output>
        </test-method> <!-- setupExtentReports -->
        <test-method is-config="true" signature="browser()[pri:0, instance:MyinfoTestCases.TC_Myinfo_001@355ce81c]" started-at="2022-05-19T19:15:39 IST" name="browser" finished-at="2022-05-19T19:15:51 IST" duration-ms="12134" status="PASS">
          <reporter-output>
          </reporter-output>
        </test-method> <!-- browser -->
        <test-method signature="verifyUser(java.lang.String, java.lang.String)[pri:0, instance:MyinfoTestCases.TC_Myinfo_001@355ce81c]" started-at="2022-05-19T19:15:51 IST" name="verifyUser" data-provider="testData" finished-at="2022-05-19T19:15:58 IST" duration-ms="6696" status="PASS">
          <params>
            <param index="0">
              <value>
                <![CDATA[Admin]]>
              </value>
            </param>
            <param index="1">
              <value>
                <![CDATA[admin123]]>
              </value>
            </param>
          </params>
          <reporter-output>
          </reporter-output>
        </test-method> <!-- verifyUser -->
        <test-method is-config="true" signature="tearDown()[pri:0, instance:MyinfoTestCases.TC_Myinfo_001@355ce81c]" started-at="2022-05-19T19:17:00 IST" name="tearDown" finished-at="2022-05-19T19:17:00 IST" duration-ms="233" status="PASS">
          <reporter-output>
          </reporter-output>
        </test-method> <!-- tearDown -->
        <test-method is-config="true" signature="blushReport()[pri:0, instance:MyinfoTestCases.TC_Myinfo_001@355ce81c]" started-at="2022-05-19T19:17:01 IST" name="blushReport" finished-at="2022-05-19T19:17:02 IST" depends-on-methods="MyinfoTestCases.TC_Myinfo_006.tearDown, MyinfoTestCases.TC_Myinfo_002.teatDown, MyinfoTestCases.TC_Myinfo_001.tearDown" duration-ms="947" status="PASS">
          <reporter-output>
          </reporter-output>
        </test-method> <!-- blushReport -->
      </class> <!-- MyinfoTestCases.TC_Myinfo_001 -->
      <class name="MyinfoTestCases.TC_Myinfo_006">
        <test-method is-config="true" signature="browser()[pri:0, instance:MyinfoTestCases.TC_Myinfo_006@3315d2d7]" started-at="2022-05-19T19:16:40 IST" name="browser" finished-at="2022-05-19T19:16:47 IST" duration-ms="6975" status="PASS">
          <reporter-output>
          </reporter-output>
        </test-method> <!-- browser -->
        <test-method signature="VerifyESSUserCanEditFields()[pri:0, instance:MyinfoTestCases.TC_Myinfo_006@3315d2d7]" started-at="2022-05-19T19:16:47 IST" name="VerifyESSUserCanEditFields" finished-at="2022-05-19T19:17:00 IST" duration-ms="12533" status="PASS">
          <reporter-output>
          </reporter-output>
        </test-method> <!-- VerifyESSUserCanEditFields -->
        <test-method is-config="true" signature="tearDown()[pri:0, instance:MyinfoTestCases.TC_Myinfo_006@3315d2d7]" started-at="2022-05-19T19:17:00 IST" name="tearDown" finished-at="2022-05-19T19:17:01 IST" depends-on-methods="MyinfoTestCases.TC_Myinfo_002.teatDown, MyinfoTestCases.TC_Myinfo_001.tearDown" duration-ms="179" status="PASS">
          <reporter-output>
          </reporter-output>
        </test-method> <!-- tearDown -->
      </class> <!-- MyinfoTestCases.TC_Myinfo_006 -->
    </test> <!-- Test -->
  </suite> <!-- Suite -->
</testng-results>
