<?xml version="1.0" encoding="UTF-8"?>
<testng-results skipped="0" failed="0" ignored="0" total="1" passed="1">
  <reporter-output>
  </reporter-output>
  <suite name="Default suite" duration-ms="21335" started-at="2020-10-18T09:22:07 IST" finished-at="2020-10-18T09:22:28 IST">
    <groups>
    </groups>
    <test name="Default test" duration-ms="21335" started-at="2020-10-18T09:22:07 IST" finished-at="2020-10-18T09:22:28 IST">
      <class name="MyinfoTestCases.TC_Myinfo_006">
        <test-method status="PASS" signature="setupExtentReports()[pri:0, instance:MyinfoTestCases.TC_Myinfo_006@80503]" name="setupExtentReports" is-config="true" duration-ms="96" started-at="2020-10-18T09:22:07 IST" finished-at="2020-10-18T09:22:07 IST">
          <reporter-output>
          </reporter-output>
        </test-method> <!-- setupExtentReports -->
        <test-method status="PASS" signature="browser()[pri:0, instance:MyinfoTestCases.TC_Myinfo_006@80503]" name="browser" is-config="true" duration-ms="9992" started-at="2020-10-18T09:22:07 IST" finished-at="2020-10-18T09:22:17 IST">
          <reporter-output>
          </reporter-output>
        </test-method> <!-- browser -->
        <test-method status="PASS" signature="VerifyESSUserCanEditFields()[pri:0, instance:MyinfoTestCases.TC_Myinfo_006@80503]" name="VerifyESSUserCanEditFields" duration-ms="10672" started-at="2020-10-18T09:22:17 IST" finished-at="2020-10-18T09:22:27 IST">
          <reporter-output>
          </reporter-output>
        </test-method> <!-- VerifyESSUserCanEditFields -->
        <test-method status="PASS" signature="blushReport()[pri:0, instance:MyinfoTestCases.TC_Myinfo_006@80503]" name="blushReport" is-config="true" duration-ms="645" started-at="2020-10-18T09:22:27 IST" finished-at="2020-10-18T09:22:28 IST">
          <reporter-output>
          </reporter-output>
        </test-method> <!-- blushReport -->
      </class> <!-- MyinfoTestCases.TC_Myinfo_006 -->
    </test> <!-- Default test -->
  </suite> <!-- Default suite -->
</testng-results>
